\BOOKMARK [1][-]{section*.1}{\376\377\000S\000t\000a\000t\000u\000s}{}% 1
\BOOKMARK [1][-]{section*.2}{\376\377\000C\000h\000a\000t\000S\000c\000r\000i\000p\000t}{}% 2
\BOOKMARK [2][-]{section*.3}{\376\377\000B\000a\000s\000i\000c\000\040\000F\000e\000a\000t\000u\000r\000e\000s}{section*.2}% 3
\BOOKMARK [2][-]{section*.4}{\376\377\000O\000S\000\040\000F\000e\000a\000t\000u\000r\000e\000s}{section*.2}% 4
\BOOKMARK [2][-]{section*.5}{\376\377\000S\000u\000p\000p\000o\000r\000t\000\040\000F\000e\000a\000t\000u\000r\000e\000s}{section*.2}% 5
\BOOKMARK [1][-]{section*.6}{\376\377\000G\000e\000t\000t\000i\000n\000g\000\040\000s\000t\000a\000r\000t\000e\000d}{}% 6
\BOOKMARK [2][-]{section*.7}{\376\377\000I\000n\000s\000t\000a\000l\000l\000a\000t\000i\000o\000n}{section*.6}% 7
\BOOKMARK [2][-]{section*.8}{\376\377\000S\000t\000a\000n\000d\000a\000l\000o\000n\000e\000\040\000m\000o\000d\000e\000\040\000-\000\040\000r\000u\000n\000\040\000l\000o\000c\000a\000l\000l\000y\000\040\000o\000n\000\040\000a\000\040\000c\000o\000n\000s\000o\000l\000e\000\040\000\050\000f\000o\000r\000\040\000d\000e\000v\000e\000l\000o\000p\000e\000m\000e\000n\000t\000/\000t\000e\000s\000t\000\051}{section*.6}% 8
\BOOKMARK [3][-]{section*.9}{\376\377\000W\000i\000n\000d\000o\000w\000s}{section*.8}% 9
\BOOKMARK [3][-]{section*.10}{\376\377\000L\000i\000n\000u\000x}{section*.8}% 10
\BOOKMARK [3][-]{section*.11}{\376\377\000M\000a\000c\000O\000S}{section*.8}% 11
\BOOKMARK [2][-]{section*.12}{\376\377\000S\000e\000r\000v\000e\000r\000\040\000M\000o\000d\000e\000\040\000\050\000f\000o\000r\000\040\000p\000r\000o\000d\000u\000c\000t\000i\000o\000n\000\051}{section*.6}% 12
\BOOKMARK [3][-]{section*.13}{\376\377\000R\000u\000n\000\040\000t\000h\000e\000\040\000s\000e\000r\000v\000e\000r\000\040\000o\000n\000\040\000L\000i\000n\000u\000x}{section*.12}% 13
\BOOKMARK [3][-]{section*.14}{\376\377\000R\000u\000n\000\040\000t\000h\000e\000\040\000s\000e\000r\000v\000e\000r\000\040\000o\000n\000\040\000M\000a\000c\000O\000S}{section*.12}% 14
\BOOKMARK [3][-]{section*.15}{\376\377\000R\000u\000n\000\040\000a\000\040\000c\000l\000i\000e\000n\000t\000\040\000\050\000t\000e\000s\000t\000\051\000\040\000o\000n\000\040\000W\000i\000n\000d\000o\000w\000s}{section*.12}% 15
\BOOKMARK [3][-]{section*.16}{\376\377\000R\000u\000n\000\040\000a\000\040\000c\000l\000i\000e\000n\000t\000\040\000\050\000t\000e\000s\000t\000\051\000\040\000o\000n\000\040\000L\000i\000n\000u\000x}{section*.12}% 16
\BOOKMARK [3][-]{section*.17}{\376\377\000R\000u\000n\000\040\000a\000\040\000c\000l\000i\000e\000n\000t\000\040\000\050\000t\000e\000s\000t\000\051\000\040\000o\000n\000\040\000M\000a\000c\000O\000S}{section*.12}% 17
\BOOKMARK [2][-]{section*.18}{\376\377\000H\000o\000w\000\040\000t\000o\000\040\000b\000u\000i\000l\000d\000\040\000a\000\040\000b\000o\000t}{section*.6}% 18
\BOOKMARK [2][-]{section*.19}{\376\377\000H\000o\000w\000\040\000t\000o\000\040\000c\000o\000m\000p\000i\000l\000e\000\040\000t\000h\000e\000\040\000e\000n\000g\000i\000n\000e\000.}{section*.6}% 19
\BOOKMARK [1][-]{section*.20}{\376\377\000F\000u\000l\000l\000\040\000D\000o\000c\000u\000m\000e\000n\000t\000a\000t\000i\000o\000n}{}% 20
\BOOKMARK [1][-]{section*.21}{\376\377\000C\000o\000n\000t\000r\000i\000b\000u\000t\000i\000n\000g}{}% 21
\BOOKMARK [1][-]{section*.22}{\376\377\000L\000a\000s\000t\000\040\000r\000e\000l\000e\000a\000s\000e\000s}{}% 22
\BOOKMARK [1][-]{section*.23}{\376\377\000A\000u\000t\000h\000o\000r}{}% 23
