\BOOKMARK [1][-]{section*.1}{\376\377\000C\000h\000a\000t\000S\000c\000r\000i\000p\000t\000\040\000S\000y\000s\000t\000e\000m\000\040\000V\000a\000r\000i\000a\000b\000l\000e\000s\000\040\000a\000n\000d\000\040\000E\000n\000g\000i\000n\000e\000-\000d\000e\000f\000i\000n\000e\000d\000\040\000C\000o\000n\000c\000e\000p\000t\000s}{}% 1
\BOOKMARK [1][-]{section*.2}{\376\377\000E\000n\000g\000i\000n\000e\000-\000d\000e\000f\000i\000n\000e\000d\000\040\000c\000o\000n\000c\000e\000p\000t\000s}{}% 2
\BOOKMARK [2][-]{section*.3}{\376\377\000I\000n\000t\000e\000r\000j\000e\000c\000t\000i\000o\000n\000s\000,\000\040\000d\000i\000s\000c\000o\000u\000r\000s\000e\000\040\000a\000c\000t\000s\000,\000\040\000a\000n\000d\000\040\000c\000o\000n\000c\000e\000p\000t\000\040\000s\000e\000t\000s}{section*.2}% 3
\BOOKMARK [2][-]{section*.4}{\376\377\000P\000O\000S\000\040\000\050\000P\000a\000r\000t\000\040\000o\000f\000\040\000S\000p\000e\000e\000c\000h\000\051\000\040\000T\000a\000g\000s}{section*.2}% 4
\BOOKMARK [3][-]{section*.5}{\376\377\000G\000e\000n\000e\000r\000i\000c\000\040\000S\000p\000e\000c\000i\000f\000i\000c\000s}{section*.4}% 5
\BOOKMARK [2][-]{section*.6}{\376\377\000S\000p\000a\000n\000i\000s\000h}{section*.2}% 6
\BOOKMARK [1][-]{section*.7}{\376\377\000S\000y\000s\000t\000e\000m\000\040\000V\000a\000r\000i\000a\000b\000l\000e\000s}{}% 7
\BOOKMARK [2][-]{section*.8}{\376\377\000D\000a\000t\000e\000\040\000\046\000\040\000T\000i\000m\000e\000\040\000\046\000\040\000N\000u\000m\000b\000e\000r\000s}{section*.7}% 8
\BOOKMARK [2][-]{section*.9}{\376\377\000U\000s\000e\000r\000\040\000I\000n\000p\000u\000t}{section*.7}% 9
\BOOKMARK [2][-]{section*.10}{\376\377\000C\000h\000a\000t\000b\000o\000t\000\040\000O\000u\000t\000p\000u\000t}{section*.7}% 10
\BOOKMARK [2][-]{section*.11}{\376\377\000S\000y\000s\000t\000e\000m\000\040\000v\000a\000r\000i\000a\000b\000l\000e\000s}{section*.7}% 11
\BOOKMARK [2][-]{section*.12}{\376\377\000\136\000t\000e\000s\000t\000p\000a\000t\000t\000e\000r\000n\000\040\000c\000o\000n\000t\000r\000o\000l\000\040\000v\000a\000r\000i\000a\000b\000l\000e\000s}{section*.7}% 12
\BOOKMARK [2][-]{section*.13}{\376\377\000B\000u\000i\000l\000d\000\040\000d\000a\000t\000a}{section*.7}% 13
\BOOKMARK [1][-]{section*.14}{\376\377\000C\000o\000n\000t\000r\000o\000l\000\040\000O\000v\000e\000r\000\040\000I\000n\000p\000u\000t}{}% 14
\BOOKMARK [2][-]{section*.15}{\376\377\000\045\000t\000o\000k\000e\000n\000f\000l\000a\000g\000s}{section*.14}% 15
\BOOKMARK [1][-]{section*.16}{\376\377\000d\000e\000f\000i\000n\000e\000\040\000I\000M\000P\000L\000I\000E\000D\000\137\000S\000U\000B\000J\000E\000C\000T}{}% 16
\BOOKMARK [1][-]{section*.17}{\376\377\000d\000e\000f\000i\000n\000e\000\040\000Q\000U\000E\000S\000T\000I\000O\000N\000M\000A\000R\000K}{}% 17
\BOOKMARK [1][-]{section*.18}{\376\377\000d\000e\000f\000i\000n\000e\000\040\000E\000X\000C\000L\000A\000M\000A\000T\000I\000O\000N\000M\000A\000R\000K}{}% 18
\BOOKMARK [1][-]{section*.19}{\376\377\000d\000e\000f\000i\000n\000e\000\040\000P\000E\000R\000I\000O\000D\000M\000A\000R\000K}{}% 19
\BOOKMARK [1][-]{section*.20}{\376\377\000d\000e\000f\000i\000n\000e\000\040\000U\000S\000E\000R\000I\000N\000P\000U\000T}{}% 20
\BOOKMARK [1][-]{section*.21}{\376\377\000d\000e\000f\000i\000n\000e\000\040\000C\000O\000M\000M\000A\000N\000D\000M\000A\000R\000K}{}% 21
\BOOKMARK [1][-]{section*.22}{\376\377\000d\000e\000f\000i\000n\000e\000\040\000I\000M\000P\000L\000I\000E\000D\000\137\000Y\000O\000U}{}% 22
\BOOKMARK [1][-]{section*.23}{\376\377\000F\000O\000R\000E\000I\000G\000N\000\137\000T\000O\000K\000E\000N\000S}{}% 23
\BOOKMARK [1][-]{section*.24}{\376\377\000F\000A\000U\000L\000T\000Y\000\137\000P\000A\000R\000S\000E}{}% 24
\BOOKMARK [1][-]{section*.25}{\376\377\000Q\000U\000O\000T\000A\000T\000I\000O\000N}{}% 25
\BOOKMARK [1][-]{section*.26}{\376\377\000N\000O\000T\000\137\000S\000E\000N\000T\000E\000N\000C\000E}{}% 26
\BOOKMARK [2][-]{section*.27}{\376\377\000P\000r\000i\000v\000a\000t\000e\000\040\000S\000u\000b\000s\000t\000i\000t\000u\000t\000i\000o\000n\000s}{section*.26}% 27
\BOOKMARK [2][-]{section*.28}{\376\377\000N\000u\000m\000e\000r\000i\000c\000\040\000S\000u\000b\000s\000t\000i\000t\000u\000t\000i\000o\000n\000s}{section*.26}% 28
\BOOKMARK [2][-]{section*.29}{\376\377\000A\000p\000o\000s\000t\000r\000o\000p\000h\000e\000\040\000S\000u\000b\000s\000t\000i\000t\000u\000t\000i\000o\000n\000s\000\040\000r\000e\000p\000l\000a\000c\000e}{section*.26}% 29
\BOOKMARK [2][-]{section*.30}{\376\377\000R\000e\000p\000l\000a\000c\000i\000n\000g\000\040\000t\000o\000\040\000a\000\040\000w\000o\000r\000d\000\040\000w\000i\000t\000h\000\040\000+\000\040\000i\000n\000\040\000i\000t}{section*.26}% 30
\BOOKMARK [1][-]{section*.31}{\376\377\000I\000n\000t\000e\000r\000c\000h\000a\000n\000g\000e\000\040\000V\000a\000r\000i\000a\000b\000l\000e\000s}{}% 31
\BOOKMARK [1][-]{section*.32}{\376\377\000h\000o\000o\000k\000\040\000f\000u\000n\000c\000t\000i\000o\000n\000s}{}% 32
\BOOKMARK [1][-]{section*.33}{\376\377\000v\000a\000r\000i\000a\000b\000l\000e\000s\000\040\000t\000o\000\040\000l\000i\000m\000i\000t\000\040\000e\000f\000f\000o\000r\000t}{}% 33
\BOOKMARK [1][-]{section*.34}{\376\377\000J\000S\000O\000N\000\040\000v\000a\000r\000i\000a\000b\000l\000e\000s}{}% 34
\BOOKMARK [1][-]{section*.35}{\376\377\000M\000o\000n\000g\000o\000\040\000v\000a\000r\000i\000a\000b\000l\000e\000s}{}% 35
